Unity Editor version:    2023.3.0b5 (7447741b80d0)
Branch:                  trunk
Build type:              Release
Batch mode:              YES
macOS version:           Version 14.2.1 (Build 23C71)
Darwin version:          23.2.0
Architecture:            arm64
Running under Rosetta:   NO
Available memory:        32768 MB
Using pre-set license
Pro License: YES
2024-01-25 08:21:54.525 Unity[2492:5029857] WARNING: Secure coding is not enabled for restorable state! Enable secure coding by implementing NSApplicationDelegate.applicationSupportsSecureRestorableState: and returning YES.

COMMAND LINE ARGUMENTS:
/Applications/Unity/2023.3.0b5_7447741b80d0_arm64/Unity.app/Contents/MacOS/Unity
-adb2
-batchMode
-noUpm
-name
AssetImportWorker0
-projectPath
/Users/maxime.jourdain/Desktop/Projects/Minecraft-Unity3D
-logFile
Logs/AssetImportWorker0.log
-srvPort
63010
-job-worker-count
4
-background-job-worker-count
8
-asset-garbage-collectors
1
Successfully changed project path to: /Users/maxime.jourdain/Desktop/Projects/Minecraft-Unity3D
/Users/maxime.jourdain/Desktop/Projects/Minecraft-Unity3D
[UnityMemory] Configuration Parameters - Can be set up in boot.config
    "memorysetup-bucket-allocator-granularity=16"
    "memorysetup-bucket-allocator-bucket-count=8"
    "memorysetup-bucket-allocator-block-size=33554432"
    "memorysetup-bucket-allocator-block-count=8"
    "memorysetup-main-allocator-block-size=16777216"
    "memorysetup-thread-allocator-block-size=16777216"
    "memorysetup-gfx-main-allocator-block-size=16777216"
    "memorysetup-gfx-thread-allocator-block-size=16777216"
    "memorysetup-cache-allocator-block-size=4194304"
    "memorysetup-typetree-allocator-block-size=2097152"
    "memorysetup-profiler-bucket-allocator-granularity=16"
    "memorysetup-profiler-bucket-allocator-bucket-count=8"
    "memorysetup-profiler-bucket-allocator-block-size=33554432"
    "memorysetup-profiler-bucket-allocator-block-count=8"
    "memorysetup-profiler-allocator-block-size=16777216"
    "memorysetup-profiler-editor-allocator-block-size=1048576"
    "memorysetup-temp-allocator-size-main=16777216"
    "memorysetup-job-temp-allocator-block-size=2097152"
    "memorysetup-job-temp-allocator-block-size-background=1048576"
    "memorysetup-job-temp-allocator-reduction-small-platforms=262144"
    "memorysetup-allocator-temp-initial-block-size-main=262144"
    "memorysetup-allocator-temp-initial-block-size-worker=262144"
    "memorysetup-temp-allocator-size-background-worker=32768"
    "memorysetup-temp-allocator-size-job-worker=262144"
    "memorysetup-temp-allocator-size-preload-manager=33554432"
    "memorysetup-temp-allocator-size-nav-mesh-worker=65536"
    "memorysetup-temp-allocator-size-audio-worker=65536"
    "memorysetup-temp-allocator-size-cloud-worker=32768"
    "memorysetup-temp-allocator-size-gi-baking-worker=262144"
    "memorysetup-temp-allocator-size-gi-baking-worker=262144"
    "memorysetup-temp-allocator-size-gi-baking-worker=262144"
    "memorysetup-temp-allocator-size-gi-baking-worker=262144"
    "memorysetup-temp-allocator-size-gi-baking-worker=262144"
    "memorysetup-temp-allocator-size-gfx=262144"
Player connection [7932170240]  Target information:

Player connection [7932170240]  * "[IP] 10.0.0.95 [Port] 0 [Flags] 2 [Guid] 1185647981 [EditorId] 1185647981 [Version] 1048832 [Id] OSXEditor(0,maxime.jourdain-20YM) [Debug] 1 [PackageName] OSXEditor [ProjectName] Editor" 

Player connection [7932170240]  * "[IP] 10.1.234.207 [Port] 0 [Flags] 2 [Guid] 1185647981 [EditorId] 1185647981 [Version] 1048832 [Id] OSXEditor(0,maxime.jourdain-20YM) [Debug] 1 [PackageName] OSXEditor [ProjectName] Editor" 

Player connection [7932170240] Host joined multi-casting on [225.0.0.222:54997]...
Player connection [7932170240] Host joined alternative multi-casting on [225.0.0.222:34997]...
JobSystem: Creating JobQueue using job-worker-count value 4
Library Redirect Path: Library/
[PhysX] Initialized MultithreadedTaskDispatcher with 4 workers.
Refreshing native plugins compatible for Editor in 0.32 ms, found 2 plugins.
Preloading 0 native plugins for Editor in 0.00 ms.
Initialize engine version: 2023.3.0b5 (7447741b80d0)
[Subsystems] Discovering subsystems at path /Applications/Unity/2023.3.0b5_7447741b80d0_arm64/Unity.app/Contents/Resources/UnitySubsystems
[Subsystems] Discovering subsystems at path /Users/maxime.jourdain/Desktop/Projects/Minecraft-Unity3D/Assets
GfxDevice: creating device client; kGfxThreadingModeNonThreaded
 preferred device: Apple M1 Max (high power)
Metal devices available: 1
0: Apple M1 Max (high power)
Using device Apple M1 Max (high power)
Initializing Metal device caps: Apple M1 Max
Initialize mono
Mono path[0] = '/Applications/Unity/2023.3.0b5_7447741b80d0_arm64/Unity.app/Contents/Managed'
Mono path[1] = '/Applications/Unity/2023.3.0b5_7447741b80d0_arm64/Unity.app/Contents/MonoBleedingEdge/lib/mono/unityjit-macos'
Mono config path = '/Applications/Unity/2023.3.0b5_7447741b80d0_arm64/Unity.app/Contents/MonoBleedingEdge/etc'
Using monoOptions --debugger-agent=transport=dt_socket,embedding=1,server=y,suspend=n,address=127.0.0.1:56492
Begin MonoManager ReloadAssembly
icall.c:1842:
icall.c:1842:
icall.c:1842:
icall.c:1842:
icall.c:1842:
icall.c:1842:
icall.c:1842:
icall.c:1842:
icall.c:1842:
icall.c:1842:
Registering precompiled unity dll's ...
Register platform support module: /Applications/Unity/2023.3.0b5_7447741b80d0_arm64/Unity.app/Contents/PlaybackEngines/MacStandaloneSupport/UnityEditor.OSXStandalone.Extensions.dll
Register platform support module: /Applications/Unity/2023.3.0b5_7447741b80d0_arm64/Unity.app/Contents/PlaybackEngines/iOSSupport/UnityEditor.iOS.Extensions.dll
Registered in 0.002184 seconds.
- Loaded All Assemblies, in  0.252 seconds
[usbmuxd] Start listen thread
[usbmuxd] Listen thread started
[usbmuxd] Send listen message
Native extension for iOS target not found
Native extension for OSXStandalone target not found
Mono: successfully reloaded assembly
icall.c:1842:
icall.c:1842:
- Finished resetting the current domain, in  0.211 seconds
Domain Reload Profiling: 463ms
	BeginReloadAssembly (93ms)
		ExecutionOrderSort (0ms)
		DisableScriptedObjects (0ms)
		BackupInstance (0ms)
		ReleaseScriptingObjects (0ms)
		CreateAndSetChildDomain (0ms)
	RebuildCommonClasses (24ms)
	RebuildNativeTypeToScriptingClass (9ms)
	initialDomainReloadingComplete (27ms)
	LoadAllAssembliesAndSetupDomain (99ms)
		LoadAssemblies (93ms)
		RebuildTransferFunctionScriptingTraits (0ms)
		AnalyzeDomain (98ms)
			TypeCache.Refresh (96ms)
				TypeCache.ScanAssembly (86ms)
			BuildScriptInfoCaches (0ms)
			ResolveRequiredComponents (0ms)
	FinalizeReload (211ms)
		ReleaseScriptCaches (0ms)
		RebuildScriptCaches (0ms)
		SetupLoadedEditorAssemblies (178ms)
			LogAssemblyErrors (0ms)
			InitializePlatformSupportModulesInManaged (63ms)
			SetLoadedEditorAssemblies (2ms)
			BeforeProcessingInitializeOnLoad (4ms)
			ProcessInitializeOnLoadAttributes (69ms)
			ProcessInitializeOnLoadMethodAttributes (40ms)
			AfterProcessingInitializeOnLoad (0ms)
			EditorAssembliesLoaded (0ms)
		ExecutionOrderSort2 (0ms)
		AwakeInstancesAfterBackupRestoration (0ms)
========================================================================
Worker process is ready to serve import requests
Import Worker Mode flag is 0x00
Begin MonoManager ReloadAssembly
icall.c:1842:
icall.c:1842:
icall.c:1842:
icall.c:1842:
icall.c:1842:
icall.c:1842:
icall.c:1842:
icall.c:1842:
icall.c:1842:
icall.c:1842:
icall.c:1842:
icall.c:1842:
- Loaded All Assemblies, in  0.359 seconds
Refreshing native plugins compatible for Editor in 0.14 ms, found 2 plugins.
Native extension for iOS target not found
Native extension for OSXStandalone target not found
Mono: successfully reloaded assembly
- Finished resetting the current domain, in  0.412 seconds
Domain Reload Profiling: 771ms
	BeginReloadAssembly (148ms)
		ExecutionOrderSort (0ms)
		DisableScriptedObjects (1ms)
		BackupInstance (0ms)
		ReleaseScriptingObjects (0ms)
		CreateAndSetChildDomain (16ms)
	RebuildCommonClasses (23ms)
	RebuildNativeTypeToScriptingClass (9ms)
	initialDomainReloadingComplete (19ms)
	LoadAllAssembliesAndSetupDomain (160ms)
		LoadAssemblies (130ms)
		RebuildTransferFunctionScriptingTraits (0ms)
		AnalyzeDomain (61ms)
			TypeCache.Refresh (48ms)
				TypeCache.ScanAssembly (39ms)
			BuildScriptInfoCaches (10ms)
			ResolveRequiredComponents (1ms)
	FinalizeReload (413ms)
		ReleaseScriptCaches (0ms)
		RebuildScriptCaches (0ms)
		SetupLoadedEditorAssemblies (309ms)
			LogAssemblyErrors (0ms)
			InitializePlatformSupportModulesInManaged (11ms)
			SetLoadedEditorAssemblies (2ms)
			BeforeProcessingInitializeOnLoad (14ms)
			ProcessInitializeOnLoadAttributes (269ms)
			ProcessInitializeOnLoadMethodAttributes (13ms)
			AfterProcessingInitializeOnLoad (1ms)
			EditorAssembliesLoaded (0ms)
		ExecutionOrderSort2 (0ms)
		AwakeInstancesAfterBackupRestoration (1ms)
Launching external process: /Applications/Unity/2023.3.0b5_7447741b80d0_arm64/Unity.app/Contents/Tools/UnityShaderCompiler
Launched and connected shader compiler UnityShaderCompiler after 0.06 seconds
Refreshing native plugins compatible for Editor in 0.20 ms, found 2 plugins.
Preloading 0 native plugins for Editor in 0.00 ms.
Unloading 47 Unused Serialized files (Serialized files now loaded: 0)
Unloading 1656 unused Assets / (2.4 MB). Loaded Objects now: 2225.
Memory consumption went from 109.0 MB to 106.6 MB.
Total: 3.545708 ms (FindLiveObjects: 0.125250 ms CreateObjectMapping: 0.042666 ms MarkObjects: 2.778750 ms  DeleteObjects: 0.598333 ms)

========================================================================
Received Import Request.
  Time since last request: 672854.669225 seconds.
  path: Assets/Mats/atlas 1.png
  artifactKey: Guid(b1bcaa4abbdd5411d882227aa83a3819) Importer(815301076,1909f56bfc062723c751e8b465ee728b)
Start importing Assets/Mats/atlas 1.png using Guid(b1bcaa4abbdd5411d882227aa83a3819) Importer(815301076,1909f56bfc062723c751e8b465ee728b) (PreviewImporter)[PhysX] Initialized MultithreadedTaskDispatcher with 4 workers.
[PhysX] Initialized MultithreadedTaskDispatcher with 4 workers.
 -> (artifact id: '62ca1b62d36ac9607fbd3264b1879326') in 0.093948667 seconds
Number of updated asset objects reloaded before import = 0Number of asset objects unloaded after import = 8

========================================================================
Received Import Request.
  Time since last request: 0.000046 seconds.
  path: Assets/Mats/Cube.prefab
  artifactKey: Guid(03adf0c0c24fd204d9e4244f024b9d49) Importer(815301076,1909f56bfc062723c751e8b465ee728b)
Start importing Assets/Mats/Cube.prefab using Guid(03adf0c0c24fd204d9e4244f024b9d49) Importer(815301076,1909f56bfc062723c751e8b465ee728b) (PreviewImporter)[PhysX] Initialized MultithreadedTaskDispatcher with 4 workers.
[PhysX] Initialized MultithreadedTaskDispatcher with 4 workers.
 -> (artifact id: '3d2b7d507c5fa591d848d78a0548763a') in 0.142890667 seconds
Number of updated asset objects reloaded before import = 0Number of asset objects unloaded after import = 9

========================================================================
Received Prepare
Refreshing native plugins compatible for Editor in 0.14 ms, found 2 plugins.
Preloading 0 native plugins for Editor in 0.00 ms.
Unloading 12 Unused Serialized files (Serialized files now loaded: 0)
Unloading 12 unused Assets / (1.5 MB). Loaded Objects now: 2240.
Memory consumption went from 102.4 MB to 101.0 MB.
Total: 3.151041 ms (FindLiveObjects: 0.068084 ms CreateObjectMapping: 0.023458 ms MarkObjects: 2.916250 ms  DeleteObjects: 0.143083 ms)

Prepare: number of updated asset objects reloaded= 0
========================================================================
Received Prepare
Refreshing native plugins compatible for Editor in 0.15 ms, found 2 plugins.
Preloading 0 native plugins for Editor in 0.00 ms.
Unloading 12 Unused Serialized files (Serialized files now loaded: 0)
Unloading 12 unused Assets / (1.5 MB). Loaded Objects now: 2240.
Memory consumption went from 102.4 MB to 101.0 MB.
Total: 3.413250 ms (FindLiveObjects: 0.060667 ms CreateObjectMapping: 0.023291 ms MarkObjects: 3.188000 ms  DeleteObjects: 0.140792 ms)

Prepare: number of updated asset objects reloaded= 0
========================================================================
Received Prepare
Begin MonoManager ReloadAssembly
Thread 0x2a28db000 may have been prematurely finalized
icall.c:1842:
icall.c:1842:
icall.c:1842:
icall.c:1842:
icall.c:1842:
icall.c:1842:
icall.c:1842:
icall.c:1842:
icall.c:1842:
icall.c:1842:
icall.c:1842:
icall.c:1842:
- Loaded All Assemblies, in  0.258 seconds
Refreshing native plugins compatible for Editor in 0.14 ms, found 2 plugins.
Native extension for iOS target not found
Native extension for OSXStandalone target not found
Mono: successfully reloaded assembly
- Finished resetting the current domain, in  0.393 seconds
Domain Reload Profiling: 651ms
	BeginReloadAssembly (74ms)
		ExecutionOrderSort (0ms)
		DisableScriptedObjects (1ms)
		BackupInstance (0ms)
		ReleaseScriptingObjects (0ms)
		CreateAndSetChildDomain (20ms)
	RebuildCommonClasses (22ms)
	RebuildNativeTypeToScriptingClass (8ms)
	initialDomainReloadingComplete (11ms)
	LoadAllAssembliesAndSetupDomain (143ms)
		LoadAssemblies (124ms)
		RebuildTransferFunctionScriptingTraits (0ms)
		AnalyzeDomain (50ms)
			TypeCache.Refresh (21ms)
				TypeCache.ScanAssembly (15ms)
			BuildScriptInfoCaches (27ms)
			ResolveRequiredComponents (1ms)
	FinalizeReload (393ms)
		ReleaseScriptCaches (0ms)
		RebuildScriptCaches (0ms)
		SetupLoadedEditorAssemblies (288ms)
			LogAssemblyErrors (0ms)
			InitializePlatformSupportModulesInManaged (10ms)
			SetLoadedEditorAssemblies (2ms)
			BeforeProcessingInitializeOnLoad (12ms)
			ProcessInitializeOnLoadAttributes (252ms)
			ProcessInitializeOnLoadMethodAttributes (12ms)
			AfterProcessingInitializeOnLoad (1ms)
			EditorAssembliesLoaded (0ms)
		ExecutionOrderSort2 (0ms)
		AwakeInstancesAfterBackupRestoration (1ms)
Refreshing native plugins compatible for Editor in 0.18 ms, found 2 plugins.
Preloading 0 native plugins for Editor in 0.00 ms.
Unloading 12 Unused Serialized files (Serialized files now loaded: 0)
Unloading 1654 unused Assets / (1.7 MB). Loaded Objects now: 2239.
Memory consumption went from 113.3 MB to 111.6 MB.
Total: 3.333125 ms (FindLiveObjects: 0.096750 ms CreateObjectMapping: 0.041208 ms MarkObjects: 2.784417 ms  DeleteObjects: 0.410333 ms)

Prepare: number of updated asset objects reloaded= 0
========================================================================
Received Import Request.
  Time since last request: 572.980735 seconds.
  path: Assets/Mats/Cube.prefab
  artifactKey: Guid(03adf0c0c24fd204d9e4244f024b9d49) Importer(2089858483,192608db42251d675da83286b1cce702)
Start importing Assets/Mats/Cube.prefab using Guid(03adf0c0c24fd204d9e4244f024b9d49) Importer(2089858483,192608db42251d675da83286b1cce702) (ScriptedImporter)[PhysX] Initialized MultithreadedTaskDispatcher with 4 workers.
 -> (artifact id: '8fdfd057a05a3524531d85416a0c55ac') in 0.04427875 seconds
Number of updated asset objects reloaded before import = 0Number of asset objects unloaded after import = 7

========================================================================
Received Import Request.
  Time since last request: 0.000075 seconds.
  path: Assets/Scripts/Inventory.cs
  artifactKey: Guid(38f2a499f08b6e14f8d74bd56bf25292) Importer(2089858483,192608db42251d675da83286b1cce702)
Start importing Assets/Scripts/Inventory.cs using Guid(38f2a499f08b6e14f8d74bd56bf25292) Importer(2089858483,192608db42251d675da83286b1cce702) (ScriptedImporter)[PhysX] Initialized MultithreadedTaskDispatcher with 4 workers.
 -> (artifact id: '055824e5b006272a6cc2eefe1067425c') in 0.001756625 seconds
Number of updated asset objects reloaded before import = 0Number of asset objects unloaded after import = 0

========================================================================
Received Import Request.
  Time since last request: 0.000115 seconds.
  path: Assets/Scenes/Game.unity
  artifactKey: Guid(9fc0d4010bbf28b4594072e72b8655ab) Importer(2089858483,192608db42251d675da83286b1cce702)
Start importing Assets/Scenes/Game.unity using Guid(9fc0d4010bbf28b4594072e72b8655ab) Importer(2089858483,192608db42251d675da83286b1cce702) (ScriptedImporter)[PhysX] Initialized MultithreadedTaskDispatcher with 4 workers.
 -> (artifact id: 'a26802f09dd6ab5aaf58cc2ba10926fd') in 0.00465925 seconds
Number of updated asset objects reloaded before import = 0Number of asset objects unloaded after import = 1

========================================================================
Received Import Request.
  Time since last request: 0.000108 seconds.
  path: Assets/Skybox/skyboxtest11@2x.png
  artifactKey: Guid(e16ca9bd159e3c04f8e46c75edba54bf) Importer(2089858483,192608db42251d675da83286b1cce702)
Start importing Assets/Skybox/skyboxtest11@2x.png using Guid(e16ca9bd159e3c04f8e46c75edba54bf) Importer(2089858483,192608db42251d675da83286b1cce702) (ScriptedImporter)[PhysX] Initialized MultithreadedTaskDispatcher with 4 workers.
 -> (artifact id: '97c1088c269097219bd08a18fa4d051d') in 0.029784333 seconds
Number of updated asset objects reloaded before import = 0Number of asset objects unloaded after import = 1

========================================================================
Received Import Request.
  Time since last request: 0.000101 seconds.
  path: Assets/Scripts/TerrainChunk.cs
  artifactKey: Guid(d3340f3af547c93449467da52ccf2641) Importer(2089858483,192608db42251d675da83286b1cce702)
Start importing Assets/Scripts/TerrainChunk.cs using Guid(d3340f3af547c93449467da52ccf2641) Importer(2089858483,192608db42251d675da83286b1cce702) (ScriptedImporter)[PhysX] Initialized MultithreadedTaskDispatcher with 4 workers.
 -> (artifact id: '39a8153eb314ee2cd5bcc6f3c29a7852') in 0.001515375 seconds
Number of updated asset objects reloaded before import = 0Number of asset objects unloaded after import = 0

========================================================================
Received Import Request.
  Time since last request: 0.000147 seconds.
  path: Assets/Mats/atlas.png
  artifactKey: Guid(351553648295e40d3b47e36a64763c30) Importer(2089858483,192608db42251d675da83286b1cce702)
Start importing Assets/Mats/atlas.png using Guid(351553648295e40d3b47e36a64763c30) Importer(2089858483,192608db42251d675da83286b1cce702) (ScriptedImporter)[PhysX] Initialized MultithreadedTaskDispatcher with 4 workers.
 -> (artifact id: '2cfb2a0f565818ab40e8664cde3bfeff') in 0.007914541 seconds
Number of updated asset objects reloaded before import = 0Number of asset objects unloaded after import = 1

========================================================================
Received Import Request.
  Time since last request: 0.000084 seconds.
  path: Assets/Settings/BuildProfiles/Mac.asset
  artifactKey: Guid(3d07c12b41227426dafbd0cbd3c7a0a6) Importer(2089858483,192608db42251d675da83286b1cce702)
Start importing Assets/Settings/BuildProfiles/Mac.asset using Guid(3d07c12b41227426dafbd0cbd3c7a0a6) Importer(2089858483,192608db42251d675da83286b1cce702) (ScriptedImporter)[PhysX] Initialized MultithreadedTaskDispatcher with 4 workers.
 -> (artifact id: '2e5aa8483a781f1972f59ae9eaf18dbf') in 0.035297708 seconds
Number of updated asset objects reloaded before import = 0Number of asset objects unloaded after import = 1

========================================================================
Received Import Request.
  Time since last request: 0.000036 seconds.
  path: Assets/Scenes/Game_Profiles/Post Processing Profile 1.asset
  artifactKey: Guid(122247c725489ad4d9ce41256db639af) Importer(2089858483,192608db42251d675da83286b1cce702)
Start importing Assets/Scenes/Game_Profiles/Post Processing Profile 1.asset using Guid(122247c725489ad4d9ce41256db639af) Importer(2089858483,192608db42251d675da83286b1cce702) (ScriptedImporter)[PhysX] Initialized MultithreadedTaskDispatcher with 4 workers.
 -> (artifact id: 'b8bfaaf6a47e51ea16ba81299734cc73') in 0.008179708 seconds
Number of updated asset objects reloaded before import = 0Number of asset objects unloaded after import = 6

========================================================================
Received Import Request.
  Time since last request: 0.000106 seconds.
  path: Assets/Scripts/PlayerMovement.cs
  artifactKey: Guid(bd1e459f7ed4910449eb05e0a6c6aa30) Importer(2089858483,192608db42251d675da83286b1cce702)
Start importing Assets/Scripts/PlayerMovement.cs using Guid(bd1e459f7ed4910449eb05e0a6c6aa30) Importer(2089858483,192608db42251d675da83286b1cce702) (ScriptedImporter)[PhysX] Initialized MultithreadedTaskDispatcher with 4 workers.
 -> (artifact id: '610e6df37abc82c1802fef93a1a3c20d') in 0.001477959 seconds
Number of updated asset objects reloaded before import = 0Number of asset objects unloaded after import = 0

========================================================================
Received Import Request.
  Time since last request: 0.000114 seconds.
  path: Assets/Skybox/skybox2.mat
  artifactKey: Guid(efcb2620e077d4b4f87fabd6b4befb5c) Importer(2089858483,192608db42251d675da83286b1cce702)
Start importing Assets/Skybox/skybox2.mat using Guid(efcb2620e077d4b4f87fabd6b4befb5c) Importer(2089858483,192608db42251d675da83286b1cce702) (ScriptedImporter)[PhysX] Initialized MultithreadedTaskDispatcher with 4 workers.
 -> (artifact id: 'df69dfeccc3169e217dd6fc315711d63') in 0.012285417 seconds
Number of updated asset objects reloaded before import = 0Number of asset objects unloaded after import = 2

========================================================================
Received Import Request.
  Time since last request: 209.607411 seconds.
  path: Assets/Settings/BuildProfiles/Mac 1.asset
  artifactKey: Guid(5842685e737ec413ebbf681172cf12a2) Importer(2089858483,192608db42251d675da83286b1cce702)
Start importing Assets/Settings/BuildProfiles/Mac 1.asset using Guid(5842685e737ec413ebbf681172cf12a2) Importer(2089858483,192608db42251d675da83286b1cce702) (ScriptedImporter)[PhysX] Initialized MultithreadedTaskDispatcher with 4 workers.
 -> (artifact id: '53b12cefd2728d348bc87808763811b2') in 0.004348042 seconds
Number of updated asset objects reloaded before import = 0Number of asset objects unloaded after import = 1

========================================================================
Received Import Request.
  Time since last request: 270.417601 seconds.
  path: Assets/Settings/BuildProfiles/Mac.asset
  artifactKey: Guid(3d07c12b41227426dafbd0cbd3c7a0a6) Importer(815301076,1909f56bfc062723c751e8b465ee728b)
Start importing Assets/Settings/BuildProfiles/Mac.asset using Guid(3d07c12b41227426dafbd0cbd3c7a0a6) Importer(815301076,1909f56bfc062723c751e8b465ee728b) (PreviewImporter)[PhysX] Initialized MultithreadedTaskDispatcher with 4 workers.
 -> (artifact id: '99905a1e52bf2f2c00b1410bc31afad3') in 0.007796875 seconds
Number of updated asset objects reloaded before import = 0Number of asset objects unloaded after import = 1

========================================================================
Received Import Request.
  Time since last request: 7.727443 seconds.
  path: Assets/Settings/BuildProfiles/Test.asset
  artifactKey: Guid(5842685e737ec413ebbf681172cf12a2) Importer(815301076,1909f56bfc062723c751e8b465ee728b)
Start importing Assets/Settings/BuildProfiles/Test.asset using Guid(5842685e737ec413ebbf681172cf12a2) Importer(815301076,1909f56bfc062723c751e8b465ee728b) (PreviewImporter)[PhysX] Initialized MultithreadedTaskDispatcher with 4 workers.
 -> (artifact id: '2c1940fc4c768a416bcb92e2cdde43bf') in 0.000814542 seconds
Number of updated asset objects reloaded before import = 0Number of asset objects unloaded after import = 1

========================================================================
Received Import Request.
  Time since last request: 0.978824 seconds.
  path: Assets/Settings/BuildProfiles/Test.asset
  artifactKey: Guid(5842685e737ec413ebbf681172cf12a2) Importer(2089858483,192608db42251d675da83286b1cce702)
Start importing Assets/Settings/BuildProfiles/Test.asset using Guid(5842685e737ec413ebbf681172cf12a2) Importer(2089858483,192608db42251d675da83286b1cce702) (ScriptedImporter)[PhysX] Initialized MultithreadedTaskDispatcher with 4 workers.
 -> (artifact id: '20f06f617c02c9b5fd1e3a7d8b1508d8') in 0.005037875 seconds
Number of updated asset objects reloaded before import = 0Number of asset objects unloaded after import = 1

